<?xml version="1.0" encoding="UTF-8"?>
<testng-results ignored="0" total="1" passed="1" failed="0" skipped="0">
  <reporter-output>
  </reporter-output>
  <suite started-at="2023-09-25T11:14:31 IST" name="TF_WEB" finished-at="2023-09-25T11:14:32 IST" duration-ms="764">
    <groups>
    </groups>
    <test started-at="2023-09-25T11:14:31 IST" name="TF_WEB" finished-at="2023-09-25T11:14:32 IST" duration-ms="764">
      <class name="tfWebControllers.MyRunner">
        <test-method is-config="true" signature="startTest()[pri:0, instance:tfWebControllers.MyRunner@4fb3ee4e]" started-at="2023-09-25T11:14:31 IST" name="startTest" finished-at="2023-09-25T11:14:32 IST" duration-ms="132" status="PASS">
          <reporter-output>
          </reporter-output>
        </test-method> <!-- startTest -->
        <test-method signature="BA()[pri:0, instance:tfWebControllers.MyRunner@4fb3ee4e]" started-at="2023-09-25T11:14:32 IST" name="BA" finished-at="2023-09-25T11:14:32 IST" duration-ms="465" status="PASS">
          <reporter-output>
          </reporter-output>
        </test-method> <!-- BA -->
        <test-method is-config="true" signature="endTest()[pri:0, instance:tfWebControllers.MyRunner@4fb3ee4e]" started-at="2023-09-25T11:14:32 IST" name="endTest" finished-at="2023-09-25T11:14:32 IST" duration-ms="145" status="PASS">
          <reporter-output>
          </reporter-output>
        </test-method> <!-- endTest -->
      </class> <!-- tfWebControllers.MyRunner -->
    </test> <!-- TF_WEB -->
  </suite> <!-- TF_WEB -->
</testng-results>
